<?xml version="1.0" encoding="utf-8"?>
<testsuites>
  <testsuite time="18.673" tests="8" failures="2" errors="0" hostname="Development Environment" id="161" name="UiBank Web Smoke Test Set" package="UiBank.Web.Smoke.Tests-3.2.*" timestamp="2020-03-13T08:50:07.247Z">
    <testcase assertions="0" classname="UiBank.Web.Smoke.Tests" name="Create Account" status="Passed" time="1.11">
      <system-out>Test case Create Account (v3.2.1) executed as job 2295 and took 1110ms. Logs are available at https://orch-testingsol-web0-we-webapp.azurewebsites.net/jobs/2295/logs</system-out>
    </testcase>
    <testcase assertions="0" classname="UiBank.Web.Smoke.Tests" name="Create Loan" status="Passed" time="1.576">
      <system-out>Test case Create Loan (v3.2.1) executed as job 2296 and took 1576ms. Logs are available at https://orch-testingsol-web0-we-webapp.azurewebsites.net/jobs/2296/logs</system-out>
    </testcase>
    <testcase assertions="1" classname="UiBank.Web.Smoke.Tests" name="Create User" status="Failed" time="3.074">
      <failure message="Verification failed. The expression '1' was not equal to the expression '2'." type="Failure" />
      <system-out>Test case Create User (v3.2.1) executed as job 2297 and took 3074ms. Logs are available at https://orch-testingsol-web0-we-webapp.azurewebsites.net/jobs/2297/logs</system-out>
    </testcase>
    <testcase assertions="0" classname="UiBank.Web.Smoke.Tests" name="Modify User Profile" status="Passed" time="1.177">
      <system-out>Test case Modify User Profile (v3.2.1) executed as job 2298 and took 1177ms. Logs are available at https://orch-testingsol-web0-we-webapp.azurewebsites.net/jobs/2298/logs</system-out>
    </testcase>
    <testcase assertions="0" classname="UiBank.Web.Smoke.Tests" name="Perform Transaction" status="Passed" time="1.11">
      <system-out>Test case Perform Transaction (v3.2.1) executed as job 2299 and took 1110ms. Logs are available at https://orch-testingsol-web0-we-webapp.azurewebsites.net/jobs/2299/logs</system-out>
    </testcase>
    <testcase assertions="1" classname="UiBank.Web.Smoke.Tests" name="Register Administrator" status="Failed" time="3.903">
      <failure message="Verification failed. The expression '1' was not equal to the expression '2'." type="Failure" />
      <system-out>Test case Register Administrator (v3.2.1) executed as job 2300 and took 3903ms. Logs are available at https://orch-testingsol-web0-we-webapp.azurewebsites.net/jobs/2300/logs</system-out>
    </testcase>
    <testcase assertions="0" classname="UiBank.Web.Smoke.Tests" name="Reset Password" status="Passed" time="1.093">
      <system-out>Test case Reset Password (v3.2.1) executed as job 2301 and took 1093ms. Logs are available at https://orch-testingsol-web0-we-webapp.azurewebsites.net/jobs/2301/logs</system-out>
    </testcase>
    <testcase assertions="0" classname="UiBank.Web.Smoke.Tests" name="Transfer Funds" status="Passed" time="1.183">
      <system-out>Test case Transfer Funds (v3.2.1) executed as job 2302 and took 1183ms. Logs are available at https://orch-testingsol-web0-we-webapp.azurewebsites.net/jobs/2302/logs</system-out>
    </testcase>
  </testsuite>
</testsuites>