<?xml version="1.0" encoding="utf-8"?>
<testsuites>
  <testsuite time="18.553" tests="8" failures="2" errors="0" hostname="Development Environment" id="130" name="UiBank Smoke Test Set" package="UiBank.Smoke.Tests-5.2.*" timestamp="2020-03-12T10:58:45.02Z">
    <testcase assertions="0" classname="UiBank.Smoke.Tests" name="Create Account" status="Passed" time="1.423">
      <system-out>Test case Create Account (v5.2.0) executed as job 2135 and took 1423ms. Logs are available at https://orch-testingsol-web0-we-webapp.azurewebsites.net/jobs/2135/logs</system-out>
    </testcase>
    <testcase assertions="0" classname="UiBank.Smoke.Tests" name="Create Loan" status="Passed" time="1.063">
      <system-out>Test case Create Loan (v5.2.0) executed as job 2136 and took 1063ms. Logs are available at https://orch-testingsol-web0-we-webapp.azurewebsites.net/jobs/2136/logs</system-out>
    </testcase>
    <testcase assertions="0" classname="UiBank.Smoke.Tests" name="Create User" status="Passed" time="1.537">
      <system-out>Test case Create User (v5.2.0) executed as job 2137 and took 1537ms. Logs are available at https://orch-testingsol-web0-we-webapp.azurewebsites.net/jobs/2137/logs</system-out>
    </testcase>
    <testcase assertions="1" classname="UiBank.Smoke.Tests" name="Modify User Profile" status="Failed" time="4.24">
      <failure message="Verification failed. The expression '1' was not equal to the expression '2'." type="Failure" />
      <system-out>Test case Modify User Profile (v5.2.0) executed as job 2138 and took 4240ms. Logs are available at https://orch-testingsol-web0-we-webapp.azurewebsites.net/jobs/2138/logs</system-out>
    </testcase>
    <testcase assertions="0" classname="UiBank.Smoke.Tests" name="Perform Transaction" status="Passed" time="1.167">
      <system-out>Test case Perform Transaction (v5.2.0) executed as job 2139 and took 1167ms. Logs are available at https://orch-testingsol-web0-we-webapp.azurewebsites.net/jobs/2139/logs</system-out>
    </testcase>
    <testcase assertions="0" classname="UiBank.Smoke.Tests" name="Register Administrator" status="Passed" time="1.13">
      <system-out>Test case Register Administrator (v5.2.0) executed as job 2140 and took 1130ms. Logs are available at https://orch-testingsol-web0-we-webapp.azurewebsites.net/jobs/2140/logs</system-out>
    </testcase>
    <testcase assertions="0" classname="UiBank.Smoke.Tests" name="Reset Password" status="Passed" time="1.187">
      <system-out>Test case Reset Password (v5.2.0) executed as job 2141 and took 1187ms. Logs are available at https://orch-testingsol-web0-we-webapp.azurewebsites.net/jobs/2141/logs</system-out>
    </testcase>
    <testcase assertions="1" classname="UiBank.Smoke.Tests" name="Transfer Funds" status="Failed" time="2.813">
      <failure message="Verification failed. The expression '1' was not equal to the expression '2'." type="Failure" />
      <system-out>Test case Transfer Funds (v5.2.0) executed as job 2142 and took 2813ms. Logs are available at https://orch-testingsol-web0-we-webapp.azurewebsites.net/jobs/2142/logs</system-out>
    </testcase>
  </testsuite>
</testsuites>